<?xml version="1.0" encoding="UTF-8"?>
<testng-results ignored="0" total="1" passed="1" failed="0" skipped="0">
  <reporter-output>
  </reporter-output>
  <suite started-at="2024-10-15T19:23:04 IST" name="Default suite" finished-at="2024-10-15T19:23:09 IST" duration-ms="5001">
    <groups>
    </groups>
    <test started-at="2024-10-15T19:23:04 IST" name="Default test" finished-at="2024-10-15T19:23:09 IST" duration-ms="5001">
      <class name="testCases.AccountRegTestWithBase">
        <test-method is-config="true" signature="setup()[pri:0, instance:testCases.AccountRegTestWithBase@60f7cc1d]" started-at="2024-10-15T19:23:04 IST" name="setup" finished-at="2024-10-15T19:23:07 IST" duration-ms="2747" status="PASS">
          <reporter-output>
          </reporter-output>
        </test-method> <!-- setup -->
        <test-method signature="verify_account_registration()[pri:0, instance:testCases.AccountRegTestWithBase@60f7cc1d]" started-at="2024-10-15T19:23:07 IST" name="verify_account_registration" finished-at="2024-10-15T19:23:09 IST" duration-ms="1987" status="PASS">
          <reporter-output>
          </reporter-output>
        </test-method> <!-- verify_account_registration -->
        <test-method is-config="true" signature="tearDown()[pri:0, instance:testCases.AccountRegTestWithBase@60f7cc1d]" started-at="2024-10-15T19:23:09 IST" name="tearDown" finished-at="2024-10-15T19:23:09 IST" duration-ms="220" status="PASS">
          <reporter-output>
          </reporter-output>
        </test-method> <!-- tearDown -->
      </class> <!-- testCases.AccountRegTestWithBase -->
    </test> <!-- Default test -->
  </suite> <!-- Default suite -->
</testng-results>
